0 verbose cli /Users/NUMTEMA/.nvm/versions/node/v24.5.0/bin/node /Users/NUMTEMA/.nvm/versions/node/v24.5.0/bin/npm
1 info using npm@11.5.1
2 info using node@v24.5.0
3 silly config load:file:/Users/NUMTEMA/.nvm/versions/node/v24.5.0/lib/node_modules/npm/npmrc
4 silly config load:file:/Users/NUMTEMA/Downloads/yemplate/f_mindfulness/.npmrc
5 silly config load:file:/Users/NUMTEMA/.npmrc
6 silly config load:file:/Users/NUMTEMA/.nvm/versions/node/v24.5.0/etc/npmrc
7 verbose title npm outdated
8 verbose argv "outdated" "--json"
9 verbose logfile logs-max:10 dir:/Users/NUMTEMA/Downloads/yemplate/f_mindfulness/.npm-cache/_logs/2026-06-04T18_42_10_033Z-
10 verbose logfile /Users/NUMTEMA/Downloads/yemplate/f_mindfulness/.npm-cache/_logs/2026-06-04T18_42_10_033Z-debug-0.log
11 silly logfile done cleaning log files
12 silly packumentCache heap:4496293888 maxSize:1124073472 maxEntrySize:562036736
13 http fetch GET 200 https://registry.npmjs.org/@tanstack%2freact-router-ssr-query 431ms (cache revalidated)
14 http fetch GET 200 https://registry.npmjs.org/clsx 445ms (cache revalidated)
15 http fetch GET 200 https://registry.npmjs.org/class-variance-authority 447ms (cache revalidated)
16 http fetch GET 200 https://registry.npmjs.org/@radix-ui%2freact-avatar 455ms (cache revalidated)
17 http fetch GET 200 https://registry.npmjs.org/@tailwindcss%2fvite 466ms (cache revalidated)
18 http fetch GET 200 https://registry.npmjs.org/@radix-ui%2freact-dropdown-menu 483ms (cache revalidated)
19 http fetch GET 200 https://registry.npmjs.org/@tanstack%2freact-query 526ms (cache revalidated)
20 http fetch GET 200 https://registry.npmjs.org/@radix-ui%2freact-accordion 540ms (cache revalidated)
21 http fetch GET 200 https://registry.npmjs.org/lucide-react 552ms (cache revalidated)
22 http fetch GET 200 https://registry.npmjs.org/@tanstack%2frouter-plugin 610ms (cache revalidated)
23 http fetch GET 200 https://registry.npmjs.org/@tanstack%2freact-devtools 639ms (cache revalidated)
24 http fetch GET 200 https://registry.npmjs.org/motion 735ms (cache revalidated)
25 http fetch GET 200 https://registry.npmjs.org/@tanstack%2freact-router 751ms (cache revalidated)
26 http fetch GET 200 https://registry.npmjs.org/@radix-ui%2freact-slot 769ms (cache revalidated)
27 http fetch GET 200 https://registry.npmjs.org/next 810ms (cache revalidated)
28 http fetch GET 200 https://registry.npmjs.org/framer-motion 1415ms (cache revalidated)
29 http fetch GET 200 https://registry.npmjs.org/react 1458ms (cache revalidated)
30 http fetch GET 200 https://registry.npmjs.org/react-dom 1509ms (cache revalidated)
31 http fetch GET 200 https://registry.npmjs.org/tailwindcss 1551ms (cache revalidated)
32 http fetch GET 200 https://registry.npmjs.org/vite-tsconfig-paths 1631ms (cache revalidated)
33 http fetch GET 200 https://registry.npmjs.org/@testing-library%2freact 1631ms (cache revalidated)
34 http fetch GET 200 https://registry.npmjs.org/@tanstack%2freact-router-devtools 1643ms (cache revalidated)
35 http fetch GET 200 https://registry.npmjs.org/tailwind-merge 1645ms (cache revalidated)
36 http fetch GET 200 https://registry.npmjs.org/tw-animate-css 1650ms (cache revalidated)
37 http fetch GET 200 https://registry.npmjs.org/@types%2fnode 1652ms (cache revalidated)
38 http fetch GET 200 https://registry.npmjs.org/@testing-library%2fdom 1676ms (cache revalidated)
39 http fetch GET 200 https://registry.npmjs.org/@tanstack%2feslint-config 1685ms (cache revalidated)
40 http fetch GET 200 https://registry.npmjs.org/web-vitals 1687ms (cache revalidated)
41 http fetch GET 200 https://registry.npmjs.org/jsdom 1691ms (cache revalidated)
42 http fetch GET 200 https://registry.npmjs.org/@types%2freact-dom 1701ms (cache revalidated)
43 http fetch GET 200 https://registry.npmjs.org/vitest 1703ms (cache revalidated)
44 http fetch GET 200 https://registry.npmjs.org/@vitejs%2fplugin-react 1720ms (cache revalidated)
45 http fetch GET 200 https://registry.npmjs.org/@types%2freact 1723ms (cache revalidated)
46 http fetch GET 200 https://registry.npmjs.org/prettier 1728ms (cache revalidated)
47 http fetch GET 200 https://registry.npmjs.org/vite 1738ms (cache revalidated)
48 http fetch GET 200 https://registry.npmjs.org/typescript 1812ms (cache revalidated)
49 http fetch GET 200 https://registry.npmjs.org/@inlang%2fparaglide-js 1950ms (cache revalidated)
50 http fetch GET 200 https://registry.npmjs.org/@tanstack%2freact-query-devtools 1964ms (cache revalidated)
51 http fetch GET 200 https://registry.npmjs.org/@tanstack%2freact-start 1973ms (cache revalidated)
52 http fetch GET 200 https://registry.npmjs.org/nitro-nightly 1985ms (cache revalidated)
53 http fetch GET 200 https://registry.npmjs.org/@tanstack%2fdevtools-vite 2008ms (cache revalidated)
54 verbose cwd /Users/NUMTEMA/Downloads/yemplate/f_mindfulness
55 verbose os Darwin 22.6.0
56 verbose node v24.5.0
57 verbose npm  v11.5.1
58 verbose exit 1
59 verbose code 1
