0 verbose cli /Users/NUMTEMA/.nvm/versions/node/v24.5.0/bin/node /Users/NUMTEMA/.nvm/versions/node/v24.5.0/bin/npm
1 info using npm@11.5.1
2 info using node@v24.5.0
3 silly config load:file:/Users/NUMTEMA/.nvm/versions/node/v24.5.0/lib/node_modules/npm/npmrc
4 silly config load:file:/Users/NUMTEMA/Downloads/yemplate/f_mindfulness/.npmrc
5 silly config load:file:/Users/NUMTEMA/.npmrc
6 silly config load:file:/Users/NUMTEMA/.nvm/versions/node/v24.5.0/etc/npmrc
7 verbose title npm outdated
8 verbose argv "outdated" "--json"
9 verbose logfile logs-max:10 dir:/Users/NUMTEMA/Downloads/yemplate/f_mindfulness/.npm-cache/_logs/2026-06-04T18_33_40_580Z-
10 verbose logfile /Users/NUMTEMA/Downloads/yemplate/f_mindfulness/.npm-cache/_logs/2026-06-04T18_33_40_580Z-debug-0.log
11 silly logfile done cleaning log files
12 silly packumentCache heap:4496293888 maxSize:1124073472 maxEntrySize:562036736
13 http fetch GET 200 https://registry.npmjs.org/@radix-ui%2freact-avatar 420ms (cache revalidated)
14 http fetch GET 200 https://registry.npmjs.org/@radix-ui%2freact-dropdown-menu 425ms (cache revalidated)
15 http fetch GET 200 https://registry.npmjs.org/@tailwindcss%2fvite 429ms (cache revalidated)
16 http fetch GET 200 https://registry.npmjs.org/@tanstack%2freact-router 439ms (cache revalidated)
17 http fetch GET 200 https://registry.npmjs.org/framer-motion 484ms (cache revalidated)
18 http fetch GET 200 https://registry.npmjs.org/clsx 573ms (cache revalidated)
19 http fetch GET 200 https://registry.npmjs.org/@tanstack%2freact-router-devtools 581ms (cache revalidated)
20 http fetch GET 200 https://registry.npmjs.org/@tanstack%2freact-query 598ms (cache revalidated)
21 http fetch GET 200 https://registry.npmjs.org/@tanstack%2freact-query-devtools 612ms (cache revalidated)
22 http fetch GET 200 https://registry.npmjs.org/@radix-ui%2freact-accordion 638ms (cache revalidated)
23 http fetch GET 200 https://registry.npmjs.org/@tanstack%2freact-devtools 634ms (cache revalidated)
24 http fetch GET 200 https://registry.npmjs.org/@tanstack%2freact-router-ssr-query 633ms (cache revalidated)
25 http fetch GET 200 https://registry.npmjs.org/motion 635ms (cache revalidated)
26 http fetch GET 200 https://registry.npmjs.org/lucide-react 645ms (cache revalidated)
27 http fetch GET 200 https://registry.npmjs.org/@radix-ui%2freact-slot 676ms (cache revalidated)
28 http fetch GET 200 https://registry.npmjs.org/@tanstack%2frouter-plugin 669ms (cache revalidated)
29 http fetch GET 200 https://registry.npmjs.org/react 695ms (cache revalidated)
30 http fetch GET 200 https://registry.npmjs.org/nitro-nightly 754ms (cache revalidated)
31 http fetch GET 200 https://registry.npmjs.org/next 882ms (cache revalidated)
32 http fetch GET 200 https://registry.npmjs.org/class-variance-authority 1419ms (cache revalidated)
33 http fetch GET 200 https://registry.npmjs.org/@tanstack%2freact-start 1435ms (cache revalidated)
34 http fetch GET 200 https://registry.npmjs.org/tailwindcss 1476ms (cache revalidated)
35 http fetch GET 200 https://registry.npmjs.org/tw-animate-css 1526ms (cache revalidated)
36 http fetch GET 200 https://registry.npmjs.org/tailwind-merge 1531ms (cache revalidated)
37 http fetch GET 200 https://registry.npmjs.org/vite-tsconfig-paths 1536ms (cache revalidated)
38 http fetch GET 200 https://registry.npmjs.org/prettier 1535ms (cache revalidated)
39 http fetch GET 200 https://registry.npmjs.org/@testing-library%2freact 1541ms (cache revalidated)
40 http fetch GET 200 https://registry.npmjs.org/vite 1552ms (cache revalidated)
41 http fetch GET 200 https://registry.npmjs.org/@tanstack%2fdevtools-vite 1599ms (cache revalidated)
42 http fetch GET 200 https://registry.npmjs.org/@vitejs%2fplugin-react 1597ms (cache revalidated)
43 http fetch GET 200 https://registry.npmjs.org/@inlang%2fparaglide-js 1604ms (cache revalidated)
44 http fetch GET 200 https://registry.npmjs.org/web-vitals 1601ms (cache revalidated)
45 http fetch GET 200 https://registry.npmjs.org/vitest 1610ms (cache revalidated)
46 http fetch GET 200 https://registry.npmjs.org/react-dom 1649ms (cache revalidated)
47 http fetch GET 200 https://registry.npmjs.org/typescript 1688ms (cache revalidated)
48 http fetch GET 200 https://registry.npmjs.org/jsdom 1805ms (cache revalidated)
49 http fetch GET 200 https://registry.npmjs.org/@types%2fnode 1820ms (cache revalidated)
50 http fetch GET 200 https://registry.npmjs.org/@types%2freact 1856ms (cache revalidated)
51 http fetch GET 200 https://registry.npmjs.org/@tanstack%2feslint-config 1865ms (cache revalidated)
52 http fetch GET 200 https://registry.npmjs.org/@types%2freact-dom 1865ms (cache revalidated)
53 http fetch GET 200 https://registry.npmjs.org/@testing-library%2fdom 1870ms (cache revalidated)
54 verbose cwd /Users/NUMTEMA/Downloads/yemplate/f_mindfulness
55 verbose os Darwin 22.6.0
56 verbose node v24.5.0
57 verbose npm  v11.5.1
58 verbose exit 1
59 verbose code 1
60 error A complete log of this run can be found in: /Users/NUMTEMA/Downloads/yemplate/f_mindfulness/.npm-cache/_logs/2026-06-04T18_33_40_580Z-debug-0.log
