0 verbose cli /Users/NUMTEMA/.nvm/versions/node/v24.5.0/bin/node /Users/NUMTEMA/.nvm/versions/node/v24.5.0/bin/npm
1 info using npm@11.5.1
2 info using node@v24.5.0
3 silly config load:file:/Users/NUMTEMA/.nvm/versions/node/v24.5.0/lib/node_modules/npm/npmrc
4 silly config load:file:/Users/NUMTEMA/Downloads/yemplate/f_mindfulness/.npmrc
5 silly config load:file:/Users/NUMTEMA/.npmrc
6 silly config load:file:/Users/NUMTEMA/.nvm/versions/node/v24.5.0/etc/npmrc
7 verbose title npm outdated
8 verbose argv "outdated" "--json"
9 verbose logfile logs-max:10 dir:/Users/NUMTEMA/Downloads/yemplate/f_mindfulness/.npm-cache/_logs/2026-06-04T18_33_53_877Z-
10 verbose logfile /Users/NUMTEMA/Downloads/yemplate/f_mindfulness/.npm-cache/_logs/2026-06-04T18_33_53_877Z-debug-0.log
11 silly logfile done cleaning log files
12 silly packumentCache heap:4496293888 maxSize:1124073472 maxEntrySize:562036736
13 http fetch GET 200 https://registry.npmjs.org/@radix-ui%2freact-slot 626ms (cache revalidated)
14 http fetch GET 200 https://registry.npmjs.org/clsx 626ms (cache revalidated)
15 http fetch GET 200 https://registry.npmjs.org/@tailwindcss%2fvite 643ms (cache revalidated)
16 http fetch GET 200 https://registry.npmjs.org/@tanstack%2freact-router 653ms (cache revalidated)
17 http fetch GET 200 https://registry.npmjs.org/class-variance-authority 677ms (cache revalidated)
18 http fetch GET 200 https://registry.npmjs.org/@radix-ui%2freact-accordion 692ms (cache revalidated)
19 http fetch GET 200 https://registry.npmjs.org/@radix-ui%2freact-dropdown-menu 700ms (cache revalidated)
20 http fetch GET 200 https://registry.npmjs.org/@tanstack%2freact-start 719ms (cache revalidated)
21 http fetch GET 200 https://registry.npmjs.org/lucide-react 732ms (cache revalidated)
22 http fetch GET 200 https://registry.npmjs.org/@tanstack%2freact-query 761ms (cache revalidated)
23 http fetch GET 200 https://registry.npmjs.org/framer-motion 773ms (cache revalidated)
24 http fetch GET 200 https://registry.npmjs.org/motion 823ms (cache revalidated)
25 http fetch GET 200 https://registry.npmjs.org/@tanstack%2frouter-plugin 840ms (cache revalidated)
26 http fetch GET 200 https://registry.npmjs.org/@tanstack%2freact-devtools 864ms (cache revalidated)
27 http fetch GET 200 https://registry.npmjs.org/@tanstack%2freact-router-ssr-query 863ms (cache revalidated)
28 http fetch GET 200 https://registry.npmjs.org/tailwind-merge 861ms (cache revalidated)
29 http fetch GET 200 https://registry.npmjs.org/react 877ms (cache revalidated)
30 http fetch GET 200 https://registry.npmjs.org/nitro-nightly 916ms (cache revalidated)
31 http fetch GET 200 https://registry.npmjs.org/@tanstack%2freact-router-devtools 968ms (cache revalidated)
32 http fetch GET 200 https://registry.npmjs.org/@tanstack%2freact-query-devtools 979ms (cache revalidated)
33 http fetch GET 200 https://registry.npmjs.org/react-dom 988ms (cache revalidated)
34 http fetch GET 200 https://registry.npmjs.org/next 1123ms (cache revalidated)
35 http fetch GET 200 https://registry.npmjs.org/tw-animate-css 2289ms (cache revalidated)
36 http fetch GET 200 https://registry.npmjs.org/@radix-ui%2freact-avatar 2308ms (cache revalidated)
37 http fetch GET 200 https://registry.npmjs.org/@tanstack%2feslint-config 2295ms (cache revalidated)
38 http fetch GET 200 https://registry.npmjs.org/@tanstack%2fdevtools-vite 2296ms (cache revalidated)
39 http fetch GET 200 https://registry.npmjs.org/@testing-library%2fdom 2298ms (cache revalidated)
40 http fetch GET 200 https://registry.npmjs.org/tailwindcss 2318ms (cache revalidated)
41 http fetch GET 200 https://registry.npmjs.org/@types%2freact-dom 2350ms (cache revalidated)
42 http fetch GET 200 https://registry.npmjs.org/jsdom 2350ms (cache revalidated)
43 http fetch GET 200 https://registry.npmjs.org/vite-tsconfig-paths 2375ms (cache revalidated)
44 http fetch GET 200 https://registry.npmjs.org/@testing-library%2freact 2373ms (cache revalidated)
45 http fetch GET 200 https://registry.npmjs.org/prettier 2370ms (cache revalidated)
46 http fetch GET 200 https://registry.npmjs.org/@types%2freact 2392ms (cache revalidated)
47 http fetch GET 200 https://registry.npmjs.org/@types%2fnode 2408ms (cache revalidated)
48 http fetch GET 200 https://registry.npmjs.org/typescript 2604ms (cache revalidated)
49 http fetch GET 200 https://registry.npmjs.org/vite 2830ms (cache revalidated)
50 http fetch GET 200 https://registry.npmjs.org/vitest 2971ms (cache revalidated)
51 http fetch GET 200 https://registry.npmjs.org/web-vitals 3138ms (cache revalidated)
52 http fetch GET 200 https://registry.npmjs.org/@vitejs%2fplugin-react 3150ms (cache revalidated)
53 http fetch GET 200 https://registry.npmjs.org/@inlang%2fparaglide-js 3166ms (cache revalidated)
54 verbose cwd /Users/NUMTEMA/Downloads/yemplate/f_mindfulness
55 verbose os Darwin 22.6.0
56 verbose node v24.5.0
57 verbose npm  v11.5.1
58 verbose exit 1
59 verbose code 1
