0 verbose cli /Users/NUMTEMA/.nvm/versions/node/v24.5.0/bin/node /Users/NUMTEMA/.nvm/versions/node/v24.5.0/bin/npm
1 info using npm@11.5.1
2 info using node@v24.5.0
3 silly config load:file:/Users/NUMTEMA/.nvm/versions/node/v24.5.0/lib/node_modules/npm/npmrc
4 silly config load:file:/Users/NUMTEMA/Downloads/yemplate/fortify_auth_multiple_guard/app_front/.npmrc
5 silly config load:file:/Users/NUMTEMA/.npmrc
6 silly config load:file:/Users/NUMTEMA/.nvm/versions/node/v24.5.0/etc/npmrc
7 verbose title npm run dev
8 verbose argv "run" "dev"
9 verbose logfile logs-max:10 dir:/Users/NUMTEMA/Downloads/yemplate/fortify_auth_multiple_guard/app_front/.npm-cache/_logs/2026-06-04T18_25_34_006Z-
10 verbose logfile /Users/NUMTEMA/Downloads/yemplate/fortify_auth_multiple_guard/app_front/.npm-cache/_logs/2026-06-04T18_25_34_006Z-debug-0.log
11 silly logfile done cleaning log files
12 http fetch GET 200 https://registry.npmjs.org/npm 217ms
13 verbose cwd /Users/NUMTEMA/Downloads/yemplate/fortify_auth_multiple_guard/app_front
14 verbose os Darwin 22.6.0
15 verbose node v24.5.0
16 verbose npm  v11.5.1
17 notice
17 notice New minor version of npm available! 11.5.1 -> 11.16.0
17 notice Changelog: https://github.com/npm/cli/releases/tag/v11.16.0
17 notice To update run: npm install -g npm@11.16.0
17 notice  { force: true, Symbol(proc-log.meta): true }
18 verbose exit 1
19 verbose code 1
