0 verbose cli /Users/NUMTEMA/.nvm/versions/node/v24.5.0/bin/node /Users/NUMTEMA/.nvm/versions/node/v24.5.0/bin/npm
1 info using npm@11.5.1
2 info using node@v24.5.0
3 silly config load:file:/Users/NUMTEMA/.nvm/versions/node/v24.5.0/lib/node_modules/npm/npmrc
4 silly config load:file:/Users/NUMTEMA/Downloads/yemplate/fortify_auth_multiple_guard/app_front/.npmrc
5 silly config load:file:/Users/NUMTEMA/.npmrc
6 silly config load:file:/Users/NUMTEMA/.nvm/versions/node/v24.5.0/etc/npmrc
7 verbose title npm outdated
8 verbose argv "outdated" "--json"
9 verbose logfile logs-max:10 dir:/Users/NUMTEMA/Downloads/yemplate/fortify_auth_multiple_guard/app_front/.npm-cache/_logs/2026-06-04T18_26_40_302Z-
10 verbose logfile /Users/NUMTEMA/Downloads/yemplate/fortify_auth_multiple_guard/app_front/.npm-cache/_logs/2026-06-04T18_26_40_302Z-debug-0.log
11 silly logfile done cleaning log files
12 silly packumentCache heap:4496293888 maxSize:1124073472 maxEntrySize:562036736
13 verbose shrinkwrap failed to load node_modules/.package-lock.json out of date, updated: node_modules
14 http fetch GET 200 https://registry.npmjs.org/jsdom 563ms (cache revalidated)
15 http fetch GET 200 https://registry.npmjs.org/axios 585ms (cache revalidated)
16 http fetch GET 200 https://registry.npmjs.org/vite-tsconfig-paths 580ms (cache revalidated)
17 http fetch GET 200 https://registry.npmjs.org/@tailwindcss%2fvite 602ms (cache revalidated)
18 http fetch GET 200 https://registry.npmjs.org/@tanstack%2frouter-plugin 605ms (cache revalidated)
19 http fetch GET 200 https://registry.npmjs.org/@vitejs%2fplugin-react 625ms (cache revalidated)
20 http fetch GET 200 https://registry.npmjs.org/vitest 632ms (cache revalidated)
21 http fetch GET 200 https://registry.npmjs.org/vite 662ms (cache revalidated)
22 http fetch GET 200 https://registry.npmjs.org/goey-toast 708ms (cache miss)
23 http fetch GET 200 https://registry.npmjs.org/@base-ui%2freact 721ms (cache miss)
24 http fetch GET 200 https://registry.npmjs.org/shadcn 709ms (cache revalidated)
25 http fetch GET 200 https://registry.npmjs.org/clsx 727ms (cache miss)
26 http fetch GET 200 https://registry.npmjs.org/@tanstack%2freact-devtools 732ms (cache miss)
27 http fetch GET 200 https://registry.npmjs.org/@tanstack%2fdevtools-vite 742ms (cache revalidated)
28 http fetch GET 200 https://registry.npmjs.org/class-variance-authority 753ms (cache miss)
29 http fetch GET 200 https://registry.npmjs.org/cmdk 854ms (cache miss)
30 http fetch GET 200 https://registry.npmjs.org/tw-animate-css 867ms (cache miss)
31 http fetch GET 200 https://registry.npmjs.org/@lottiefiles%2fdotlottie-react 931ms (cache miss)
32 http fetch GET 200 https://registry.npmjs.org/@testing-library%2freact 933ms (cache miss)
33 http fetch GET 200 https://registry.npmjs.org/zustand 946ms (cache miss)
34 http fetch GET 200 https://registry.npmjs.org/radix-ui 960ms (cache miss)
35 http fetch GET 200 https://registry.npmjs.org/@types%2freact-dom 971ms (cache miss)
36 http fetch GET 200 https://registry.npmjs.org/@hookform%2fresolvers 997ms (cache miss)
37 http fetch GET 200 https://registry.npmjs.org/@tanstack%2freact-table 1024ms (cache miss)
38 http fetch GET 200 https://registry.npmjs.org/@tanstack%2freact-router-devtools 1146ms (cache miss)
39 http fetch GET 200 https://registry.npmjs.org/tailwind-merge 1147ms (cache miss)
40 http fetch GET 200 https://registry.npmjs.org/@testing-library%2fdom 1158ms (cache miss)
41 http fetch GET 200 https://registry.npmjs.org/@types%2freact 1170ms (cache miss)
42 http fetch GET 200 https://registry.npmjs.org/recharts 1187ms (cache miss)
43 http fetch GET 200 https://registry.npmjs.org/@tanstack%2freact-query 1224ms (cache miss)
44 http fetch GET 200 https://registry.npmjs.org/lucide-react 1410ms (cache miss)
45 http fetch GET 200 https://registry.npmjs.org/@tanstack%2freact-router 1547ms (cache miss)
46 http fetch GET 200 https://registry.npmjs.org/@types%2fnode 1758ms (cache miss)
47 http fetch GET 200 https://registry.npmjs.org/react-hook-form 1824ms (cache miss)
48 http fetch GET 200 https://registry.npmjs.org/react 1914ms (cache miss)
49 http fetch GET 200 https://registry.npmjs.org/react-dom 2036ms (cache miss)
50 http fetch GET 200 https://registry.npmjs.org/framer-motion 2063ms (cache miss)
51 http fetch GET 200 https://registry.npmjs.org/tailwindcss 2194ms (cache miss)
52 http fetch GET 200 https://registry.npmjs.org/typescript 2479ms (cache miss)
53 verbose cwd /Users/NUMTEMA/Downloads/yemplate/fortify_auth_multiple_guard/app_front
54 verbose os Darwin 22.6.0
55 verbose node v24.5.0
56 verbose npm  v11.5.1
57 verbose exit 1
58 verbose code 1
